<?xml version="1.0" encoding="UTF-8"?>
<!-- Generated by org.testng.reporters.JUnitXMLReporter -->
<testsuite ignored="0" hostname="LAPTOP-4EF3PSLR" failures="1" tests="1" name="Test" time="16.372" errors="0" timestamp="2025-09-07T14:55:01 IST">
  <testcase classname="Tsest.TestloginPage" name="testUserRegistration" time="5.474">
    <failure type="java.lang.AssertionError" message="Form was not submitted successfully! did not expect [https://demo.automationtesting.in/Register.html] but found [https://demo.automationtesting.in/Register.html]">
      <![CDATA[java.lang.AssertionError: Form was not submitted successfully! did not expect [https://demo.automationtesting.in/Register.html] but found [https://demo.automationtesting.in/Register.html]
at Tsest.TestloginPage.testUserRegistration(TestloginPage.java:59)
at java.base/java.util.ArrayList.forEach(ArrayList.java:1511)
... Removed 31 stack frames]]>
    </failure>
  </testcase> <!-- testUserRegistration -->
</testsuite> <!-- Test -->
